{"D:\\Microverse\\To-do-List\\src\\js\\modules\\displayTaskList.js": {"path":"D:\\Microverse\\To-do-List\\src\\js\\modules\\displayTaskList.js","statementMap":{"0":{"start":{"line":6,"column":27},"end":{"line":82,"column":1}},"1":{"start":{"line":8,"column":23},"end":{"line":8,"column":61}},"2":{"start":{"line":9,"column":2},"end":{"line":9,"column":30}},"3":{"start":{"line":12,"column":2},"end":{"line":81,"column":3}},"4":{"start":{"line":13,"column":21},"end":{"line":13,"column":48}},"5":{"start":{"line":14,"column":4},"end":{"line":14,"column":45}},"6":{"start":{"line":15,"column":4},"end":{"line":15,"column":43}},"7":{"start":{"line":16,"column":4},"end":{"line":16,"column":39}},"8":{"start":{"line":19,"column":4},"end":{"line":80,"column":7}},"9":{"start":{"line":21,"column":22},"end":{"line":21,"column":51}},"10":{"start":{"line":22,"column":6},"end":{"line":22,"column":31}},"11":{"start":{"line":23,"column":6},"end":{"line":23,"column":33}},"12":{"start":{"line":26,"column":27},"end":{"line":26,"column":59}},"13":{"start":{"line":27,"column":6},"end":{"line":27,"column":49}},"14":{"start":{"line":30,"column":30},"end":{"line":30,"column":59}},"15":{"start":{"line":31,"column":6},"end":{"line":31,"column":40}},"16":{"start":{"line":32,"column":6},"end":{"line":32,"column":52}},"17":{"start":{"line":33,"column":6},"end":{"line":33,"column":52}},"18":{"start":{"line":36,"column":24},"end":{"line":36,"column":55}},"19":{"start":{"line":37,"column":6},"end":{"line":37,"column":42}},"20":{"start":{"line":38,"column":6},"end":{"line":38,"column":53}},"21":{"start":{"line":41,"column":19},"end":{"line":41,"column":53}},"22":{"start":{"line":42,"column":6},"end":{"line":42,"column":36}},"23":{"start":{"line":43,"column":6},"end":{"line":43,"column":31}},"24":{"start":{"line":44,"column":6},"end":{"line":44,"column":43}},"25":{"start":{"line":45,"column":6},"end":{"line":45,"column":23}},"26":{"start":{"line":46,"column":6},"end":{"line":46,"column":22}},"27":{"start":{"line":47,"column":6},"end":{"line":47,"column":40}},"28":{"start":{"line":50,"column":6},"end":{"line":53,"column":7}},"29":{"start":{"line":51,"column":8},"end":{"line":51,"column":40}},"30":{"start":{"line":52,"column":8},"end":{"line":52,"column":46}},"31":{"start":{"line":56,"column":24},"end":{"line":56,"column":56}},"32":{"start":{"line":57,"column":6},"end":{"line":57,"column":47}},"33":{"start":{"line":60,"column":27},"end":{"line":60,"column":56}},"34":{"start":{"line":61,"column":6},"end":{"line":61,"column":35}},"35":{"start":{"line":62,"column":6},"end":{"line":62,"column":39}},"36":{"start":{"line":63,"column":6},"end":{"line":63,"column":50}},"37":{"start":{"line":66,"column":22},"end":{"line":66,"column":51}},"38":{"start":{"line":67,"column":6},"end":{"line":67,"column":28}},"39":{"start":{"line":68,"column":6},"end":{"line":68,"column":32}},"40":{"start":{"line":69,"column":6},"end":{"line":69,"column":43}},"41":{"start":{"line":72,"column":6},"end":{"line":72,"column":48}},"42":{"start":{"line":73,"column":6},"end":{"line":73,"column":40}},"43":{"start":{"line":74,"column":6},"end":{"line":74,"column":34}},"44":{"start":{"line":75,"column":6},"end":{"line":75,"column":42}},"45":{"start":{"line":76,"column":6},"end":{"line":76,"column":39}},"46":{"start":{"line":77,"column":6},"end":{"line":77,"column":37}},"47":{"start":{"line":78,"column":6},"end":{"line":78,"column":35}},"48":{"start":{"line":79,"column":6},"end":{"line":79,"column":40}}},"fnMap":{"0":{"name":"(anonymous_0)","decl":{"start":{"line":6,"column":27},"end":{"line":6,"column":28}},"loc":{"start":{"line":6,"column":37},"end":{"line":82,"column":1}},"line":6},"1":{"name":"(anonymous_1)","decl":{"start":{"line":19,"column":17},"end":{"line":19,"column":18}},"loc":{"start":{"line":19,"column":27},"end":{"line":80,"column":5}},"line":19}},"branchMap":{"0":{"loc":{"start":{"line":12,"column":2},"end":{"line":81,"column":3}},"type":"if","locations":[{"start":{"line":12,"column":2},"end":{"line":81,"column":3}},{"start":{"line":17,"column":9},"end":{"line":81,"column":3}}],"line":12},"1":{"loc":{"start":{"line":50,"column":6},"end":{"line":53,"column":7}},"type":"if","locations":[{"start":{"line":50,"column":6},"end":{"line":53,"column":7}},{"start":{},"end":{}}],"line":50}},"s":{"0":1,"1":1,"2":1,"3":1,"4":0,"5":0,"6":0,"7":0,"8":1,"9":1,"10":1,"11":1,"12":1,"13":1,"14":1,"15":1,"16":1,"17":1,"18":1,"19":1,"20":1,"21":1,"22":1,"23":1,"24":1,"25":1,"26":1,"27":1,"28":1,"29":0,"30":0,"31":1,"32":1,"33":1,"34":1,"35":1,"36":1,"37":1,"38":1,"39":1,"40":1,"41":1,"42":1,"43":1,"44":1,"45":1,"46":1,"47":1,"48":1},"f":{"0":1,"1":1},"b":{"0":[0,1],"1":[0,1]},"_coverageSchema":"1a1c01bbd47fc00a2c39e90264f33305004495a9","hash":"5ff0cc2ffcb5c83475b8db40fdfe2f04fd1abc32"}
,"D:\\Microverse\\To-do-List\\src\\js\\modules\\getSiblings.js": {"path":"D:\\Microverse\\To-do-List\\src\\js\\modules\\getSiblings.js","statementMap":{"0":{"start":{"line":2,"column":27},"end":{"line":17,"column":1}},"1":{"start":{"line":4,"column":19},"end":{"line":4,"column":21}},"2":{"start":{"line":7,"column":16},"end":{"line":7,"column":39}},"3":{"start":{"line":10,"column":2},"end":{"line":15,"column":3}},"4":{"start":{"line":11,"column":4},"end":{"line":13,"column":5}},"5":{"start":{"line":12,"column":6},"end":{"line":12,"column":29}},"6":{"start":{"line":14,"column":4},"end":{"line":14,"column":34}},"7":{"start":{"line":16,"column":2},"end":{"line":16,"column":18}}},"fnMap":{"0":{"name":"(anonymous_0)","decl":{"start":{"line":2,"column":27},"end":{"line":2,"column":28}},"loc":{"start":{"line":2,"column":34},"end":{"line":17,"column":1}},"line":2}},"branchMap":{"0":{"loc":{"start":{"line":11,"column":4},"end":{"line":13,"column":5}},"type":"if","locations":[{"start":{"line":11,"column":4},"end":{"line":13,"column":5}},{"start":{},"end":{}}],"line":11},"1":{"loc":{"start":{"line":11,"column":8},"end":{"line":11,"column":47}},"type":"binary-expr","locations":[{"start":{"line":11,"column":8},"end":{"line":11,"column":30}},{"start":{"line":11,"column":34},"end":{"line":11,"column":47}}],"line":11}},"s":{"0":1,"1":0,"2":0,"3":0,"4":0,"5":0,"6":0,"7":0},"f":{"0":0},"b":{"0":[0,0],"1":[0,0]},"_coverageSchema":"1a1c01bbd47fc00a2c39e90264f33305004495a9","hash":"83ed1df8fff3db51a5bf7dc706839b1c55eb5bd1"}
,"D:\\Microverse\\To-do-List\\src\\js\\modules\\task.js": {"path":"D:\\Microverse\\To-do-List\\src\\js\\modules\\task.js","statementMap":{"0":{"start":{"line":3,"column":4},"end":{"line":3,"column":35}},"1":{"start":{"line":4,"column":4},"end":{"line":4,"column":27}},"2":{"start":{"line":5,"column":4},"end":{"line":5,"column":22}}},"fnMap":{"0":{"name":"(anonymous_0)","decl":{"start":{"line":2,"column":2},"end":{"line":2,"column":3}},"loc":{"start":{"line":2,"column":27},"end":{"line":6,"column":3}},"line":2}},"branchMap":{},"s":{"0":1,"1":1,"2":1},"f":{"0":1},"b":{},"_coverageSchema":"1a1c01bbd47fc00a2c39e90264f33305004495a9","hash":"fe72cf9e444d01be1cdd8b94f8c9bc42688baae0"}
,"D:\\Microverse\\To-do-List\\src\\js\\modules\\taskList.js": {"path":"D:\\Microverse\\To-do-List\\src\\js\\modules\\taskList.js","statementMap":{"0":{"start":{"line":6,"column":4},"end":{"line":6,"column":20}},"1":{"start":{"line":11,"column":4},"end":{"line":13,"column":5}},"2":{"start":{"line":12,"column":6},"end":{"line":12,"column":58}},"3":{"start":{"line":14,"column":4},"end":{"line":14,"column":22}},"4":{"start":{"line":19,"column":4},"end":{"line":19,"column":33}},"5":{"start":{"line":23,"column":25},"end":{"line":23,"column":40}},"6":{"start":{"line":24,"column":4},"end":{"line":24,"column":41}},"7":{"start":{"line":25,"column":4},"end":{"line":25,"column":28}},"8":{"start":{"line":28,"column":4},"end":{"line":28,"column":67}},"9":{"start":{"line":31,"column":4},"end":{"line":31,"column":19}},"10":{"start":{"line":36,"column":25},"end":{"line":36,"column":63}},"11":{"start":{"line":39,"column":4},"end":{"line":84,"column":7}},"12":{"start":{"line":40,"column":6},"end":{"line":83,"column":7}},"13":{"start":{"line":42,"column":29},"end":{"line":42,"column":44}},"14":{"start":{"line":45,"column":8},"end":{"line":82,"column":9}},"15":{"start":{"line":47,"column":10},"end":{"line":47,"column":38}},"16":{"start":{"line":50,"column":10},"end":{"line":50,"column":36}},"17":{"start":{"line":52,"column":10},"end":{"line":52,"column":73}},"18":{"start":{"line":55,"column":10},"end":{"line":55,"column":25}},"19":{"start":{"line":58,"column":28},"end":{"line":58,"column":54}},"20":{"start":{"line":61,"column":31},"end":{"line":61,"column":60}},"21":{"start":{"line":64,"column":28},"end":{"line":64,"column":58}},"22":{"start":{"line":67,"column":26},"end":{"line":67,"column":49}},"23":{"start":{"line":70,"column":10},"end":{"line":70,"column":53}},"24":{"start":{"line":71,"column":10},"end":{"line":71,"column":44}},"25":{"start":{"line":74,"column":10},"end":{"line":76,"column":13}},"26":{"start":{"line":75,"column":12},"end":{"line":75,"column":35}},"27":{"start":{"line":78,"column":10},"end":{"line":78,"column":73}},"28":{"start":{"line":81,"column":10},"end":{"line":81,"column":25}},"29":{"start":{"line":89,"column":25},"end":{"line":89,"column":63}},"30":{"start":{"line":92,"column":4},"end":{"line":164,"column":7}},"31":{"start":{"line":94,"column":6},"end":{"line":163,"column":7}},"32":{"start":{"line":95,"column":26},"end":{"line":95,"column":38}},"33":{"start":{"line":98,"column":26},"end":{"line":98,"column":52}},"34":{"start":{"line":101,"column":24},"end":{"line":101,"column":47}},"35":{"start":{"line":104,"column":8},"end":{"line":104,"column":39}},"36":{"start":{"line":107,"column":29},"end":{"line":107,"column":58}},"37":{"start":{"line":110,"column":24},"end":{"line":110,"column":50}},"38":{"start":{"line":113,"column":31},"end":{"line":113,"column":67}},"39":{"start":{"line":114,"column":8},"end":{"line":118,"column":11}},"40":{"start":{"line":115,"column":10},"end":{"line":117,"column":11}},"41":{"start":{"line":116,"column":12},"end":{"line":116,"column":46}},"42":{"start":{"line":121,"column":8},"end":{"line":137,"column":11}},"43":{"start":{"line":123,"column":31},"end":{"line":123,"column":46}},"44":{"start":{"line":126,"column":34},"end":{"line":126,"column":49}},"45":{"start":{"line":127,"column":10},"end":{"line":127,"column":25}},"46":{"start":{"line":130,"column":10},"end":{"line":130,"column":64}},"47":{"start":{"line":133,"column":10},"end":{"line":133,"column":73}},"48":{"start":{"line":136,"column":10},"end":{"line":136,"column":25}},"49":{"start":{"line":138,"column":13},"end":{"line":163,"column":7}},"50":{"start":{"line":140,"column":29},"end":{"line":140,"column":44}},"51":{"start":{"line":143,"column":8},"end":{"line":143,"column":49}},"52":{"start":{"line":146,"column":26},"end":{"line":146,"column":57}},"53":{"start":{"line":148,"column":21},"end":{"line":148,"column":41}},"54":{"start":{"line":151,"column":29},"end":{"line":151,"column":58}},"55":{"start":{"line":154,"column":26},"end":{"line":154,"column":56}},"56":{"start":{"line":156,"column":8},"end":{"line":156,"column":43}},"57":{"start":{"line":159,"column":8},"end":{"line":159,"column":79}},"58":{"start":{"line":162,"column":8},"end":{"line":162,"column":71}},"59":{"start":{"line":169,"column":24},"end":{"line":169,"column":67}},"60":{"start":{"line":171,"column":4},"end":{"line":188,"column":7}},"61":{"start":{"line":173,"column":27},"end":{"line":173,"column":42}},"62":{"start":{"line":176,"column":26},"end":{"line":176,"column":81}},"63":{"start":{"line":176,"column":56},"end":{"line":176,"column":80}},"64":{"start":{"line":179,"column":6},"end":{"line":181,"column":9}},"65":{"start":{"line":180,"column":8},"end":{"line":180,"column":31}},"66":{"start":{"line":184,"column":6},"end":{"line":184,"column":68}},"67":{"start":{"line":187,"column":6},"end":{"line":187,"column":21}}},"fnMap":{"0":{"name":"(anonymous_0)","decl":{"start":{"line":5,"column":2},"end":{"line":5,"column":3}},"loc":{"start":{"line":5,"column":16},"end":{"line":7,"column":3}},"line":5},"1":{"name":"(anonymous_1)","decl":{"start":{"line":9,"column":2},"end":{"line":9,"column":3}},"loc":{"start":{"line":9,"column":13},"end":{"line":15,"column":3}},"line":9},"2":{"name":"(anonymous_2)","decl":{"start":{"line":17,"column":2},"end":{"line":17,"column":3}},"loc":{"start":{"line":17,"column":12},"end":{"line":20,"column":3}},"line":17},"3":{"name":"(anonymous_3)","decl":{"start":{"line":22,"column":2},"end":{"line":22,"column":3}},"loc":{"start":{"line":22,"column":16},"end":{"line":32,"column":3}},"line":22},"4":{"name":"(anonymous_4)","decl":{"start":{"line":34,"column":2},"end":{"line":34,"column":3}},"loc":{"start":{"line":34,"column":15},"end":{"line":85,"column":3}},"line":34},"5":{"name":"(anonymous_5)","decl":{"start":{"line":39,"column":43},"end":{"line":39,"column":44}},"loc":{"start":{"line":39,"column":54},"end":{"line":84,"column":5}},"line":39},"6":{"name":"(anonymous_6)","decl":{"start":{"line":74,"column":31},"end":{"line":74,"column":32}},"loc":{"start":{"line":74,"column":48},"end":{"line":76,"column":11}},"line":74},"7":{"name":"(anonymous_7)","decl":{"start":{"line":87,"column":2},"end":{"line":87,"column":3}},"loc":{"start":{"line":87,"column":15},"end":{"line":165,"column":3}},"line":87},"8":{"name":"(anonymous_8)","decl":{"start":{"line":92,"column":43},"end":{"line":92,"column":44}},"loc":{"start":{"line":92,"column":54},"end":{"line":164,"column":5}},"line":92},"9":{"name":"(anonymous_9)","decl":{"start":{"line":114,"column":31},"end":{"line":114,"column":32}},"loc":{"start":{"line":114,"column":44},"end":{"line":118,"column":9}},"line":114},"10":{"name":"(anonymous_10)","decl":{"start":{"line":121,"column":45},"end":{"line":121,"column":46}},"loc":{"start":{"line":121,"column":51},"end":{"line":137,"column":9}},"line":121},"11":{"name":"(anonymous_11)","decl":{"start":{"line":167,"column":2},"end":{"line":167,"column":3}},"loc":{"start":{"line":167,"column":22},"end":{"line":189,"column":3}},"line":167},"12":{"name":"(anonymous_12)","decl":{"start":{"line":171,"column":42},"end":{"line":171,"column":43}},"loc":{"start":{"line":171,"column":48},"end":{"line":188,"column":5}},"line":171},"13":{"name":"(anonymous_13)","decl":{"start":{"line":176,"column":46},"end":{"line":176,"column":47}},"loc":{"start":{"line":176,"column":56},"end":{"line":176,"column":80}},"line":176},"14":{"name":"(anonymous_14)","decl":{"start":{"line":179,"column":26},"end":{"line":179,"column":27}},"loc":{"start":{"line":179,"column":43},"end":{"line":181,"column":7}},"line":179}},"branchMap":{"0":{"loc":{"start":{"line":11,"column":4},"end":{"line":13,"column":5}},"type":"if","locations":[{"start":{"line":11,"column":4},"end":{"line":13,"column":5}},{"start":{},"end":{}}],"line":11},"1":{"loc":{"start":{"line":40,"column":6},"end":{"line":83,"column":7}},"type":"if","locations":[{"start":{"line":40,"column":6},"end":{"line":83,"column":7}},{"start":{},"end":{}}],"line":40},"2":{"loc":{"start":{"line":45,"column":8},"end":{"line":82,"column":9}},"type":"if","locations":[{"start":{"line":45,"column":8},"end":{"line":82,"column":9}},{"start":{"line":56,"column":15},"end":{"line":82,"column":9}}],"line":45},"3":{"loc":{"start":{"line":94,"column":6},"end":{"line":163,"column":7}},"type":"if","locations":[{"start":{"line":94,"column":6},"end":{"line":163,"column":7}},{"start":{"line":138,"column":13},"end":{"line":163,"column":7}}],"line":94},"4":{"loc":{"start":{"line":115,"column":10},"end":{"line":117,"column":11}},"type":"if","locations":[{"start":{"line":115,"column":10},"end":{"line":117,"column":11}},{"start":{},"end":{}}],"line":115},"5":{"loc":{"start":{"line":138,"column":13},"end":{"line":163,"column":7}},"type":"if","locations":[{"start":{"line":138,"column":13},"end":{"line":163,"column":7}},{"start":{},"end":{}}],"line":138}},"s":{"0":1,"1":2,"2":1,"3":1,"4":1,"5":1,"6":1,"7":1,"8":1,"9":1,"10":0,"11":0,"12":0,"13":0,"14":0,"15":0,"16":0,"17":0,"18":0,"19":0,"20":0,"21":0,"22":0,"23":0,"24":0,"25":0,"26":0,"27":0,"28":0,"29":0,"30":0,"31":0,"32":0,"33":0,"34":0,"35":0,"36":0,"37":0,"38":0,"39":0,"40":0,"41":0,"42":0,"43":0,"44":0,"45":0,"46":0,"47":0,"48":0,"49":0,"50":0,"51":0,"52":0,"53":0,"54":0,"55":0,"56":0,"57":0,"58":0,"59":0,"60":0,"61":0,"62":0,"63":0,"64":0,"65":0,"66":0,"67":0},"f":{"0":1,"1":2,"2":1,"3":1,"4":0,"5":0,"6":0,"7":0,"8":0,"9":0,"10":0,"11":0,"12":0,"13":0,"14":0},"b":{"0":[1,1],"1":[0,0],"2":[0,0],"3":[0,0],"4":[0,0],"5":[0,0]},"_coverageSchema":"1a1c01bbd47fc00a2c39e90264f33305004495a9","hash":"831f3dd5f1409eaa090b2d8b1a2ee1931deb7007"}
}
