{"D:\\Microverse\\To-do-List\\src\\js\\modules\\displayTaskList.js": {"path":"D:\\Microverse\\To-do-List\\src\\js\\modules\\displayTaskList.js","statementMap":{"0":{"start":{"line":6,"column":27},"end":{"line":82,"column":1}},"1":{"start":{"line":8,"column":23},"end":{"line":8,"column":61}},"2":{"start":{"line":9,"column":2},"end":{"line":9,"column":30}},"3":{"start":{"line":12,"column":2},"end":{"line":81,"column":3}},"4":{"start":{"line":13,"column":21},"end":{"line":13,"column":48}},"5":{"start":{"line":14,"column":4},"end":{"line":14,"column":45}},"6":{"start":{"line":15,"column":4},"end":{"line":15,"column":43}},"7":{"start":{"line":16,"column":4},"end":{"line":16,"column":39}},"8":{"start":{"line":19,"column":4},"end":{"line":80,"column":7}},"9":{"start":{"line":21,"column":22},"end":{"line":21,"column":51}},"10":{"start":{"line":22,"column":6},"end":{"line":22,"column":31}},"11":{"start":{"line":23,"column":6},"end":{"line":23,"column":33}},"12":{"start":{"line":26,"column":27},"end":{"line":26,"column":59}},"13":{"start":{"line":27,"column":6},"end":{"line":27,"column":49}},"14":{"start":{"line":30,"column":30},"end":{"line":30,"column":59}},"15":{"start":{"line":31,"column":6},"end":{"line":31,"column":40}},"16":{"start":{"line":32,"column":6},"end":{"line":32,"column":52}},"17":{"start":{"line":33,"column":6},"end":{"line":33,"column":52}},"18":{"start":{"line":36,"column":24},"end":{"line":36,"column":55}},"19":{"start":{"line":37,"column":6},"end":{"line":37,"column":42}},"20":{"start":{"line":38,"column":6},"end":{"line":38,"column":53}},"21":{"start":{"line":41,"column":19},"end":{"line":41,"column":53}},"22":{"start":{"line":42,"column":6},"end":{"line":42,"column":36}},"23":{"start":{"line":43,"column":6},"end":{"line":43,"column":31}},"24":{"start":{"line":44,"column":6},"end":{"line":44,"column":43}},"25":{"start":{"line":45,"column":6},"end":{"line":45,"column":23}},"26":{"start":{"line":46,"column":6},"end":{"line":46,"column":22}},"27":{"start":{"line":47,"column":6},"end":{"line":47,"column":40}},"28":{"start":{"line":50,"column":6},"end":{"line":53,"column":7}},"29":{"start":{"line":51,"column":8},"end":{"line":51,"column":40}},"30":{"start":{"line":52,"column":8},"end":{"line":52,"column":46}},"31":{"start":{"line":56,"column":24},"end":{"line":56,"column":56}},"32":{"start":{"line":57,"column":6},"end":{"line":57,"column":47}},"33":{"start":{"line":60,"column":27},"end":{"line":60,"column":56}},"34":{"start":{"line":61,"column":6},"end":{"line":61,"column":35}},"35":{"start":{"line":62,"column":6},"end":{"line":62,"column":39}},"36":{"start":{"line":63,"column":6},"end":{"line":63,"column":50}},"37":{"start":{"line":66,"column":22},"end":{"line":66,"column":51}},"38":{"start":{"line":67,"column":6},"end":{"line":67,"column":28}},"39":{"start":{"line":68,"column":6},"end":{"line":68,"column":32}},"40":{"start":{"line":69,"column":6},"end":{"line":69,"column":43}},"41":{"start":{"line":72,"column":6},"end":{"line":72,"column":48}},"42":{"start":{"line":73,"column":6},"end":{"line":73,"column":40}},"43":{"start":{"line":74,"column":6},"end":{"line":74,"column":34}},"44":{"start":{"line":75,"column":6},"end":{"line":75,"column":42}},"45":{"start":{"line":76,"column":6},"end":{"line":76,"column":39}},"46":{"start":{"line":77,"column":6},"end":{"line":77,"column":37}},"47":{"start":{"line":78,"column":6},"end":{"line":78,"column":35}},"48":{"start":{"line":79,"column":6},"end":{"line":79,"column":40}}},"fnMap":{"0":{"name":"(anonymous_0)","decl":{"start":{"line":6,"column":27},"end":{"line":6,"column":28}},"loc":{"start":{"line":6,"column":37},"end":{"line":82,"column":1}},"line":6},"1":{"name":"(anonymous_1)","decl":{"start":{"line":19,"column":17},"end":{"line":19,"column":18}},"loc":{"start":{"line":19,"column":27},"end":{"line":80,"column":5}},"line":19}},"branchMap":{"0":{"loc":{"start":{"line":12,"column":2},"end":{"line":81,"column":3}},"type":"if","locations":[{"start":{"line":12,"column":2},"end":{"line":81,"column":3}},{"start":{"line":17,"column":9},"end":{"line":81,"column":3}}],"line":12},"1":{"loc":{"start":{"line":50,"column":6},"end":{"line":53,"column":7}},"type":"if","locations":[{"start":{"line":50,"column":6},"end":{"line":53,"column":7}},{"start":{},"end":{}}],"line":50}},"s":{"0":1,"1":1,"2":1,"3":1,"4":0,"5":0,"6":0,"7":0,"8":1,"9":1,"10":1,"11":1,"12":1,"13":1,"14":1,"15":1,"16":1,"17":1,"18":1,"19":1,"20":1,"21":1,"22":1,"23":1,"24":1,"25":1,"26":1,"27":1,"28":1,"29":0,"30":0,"31":1,"32":1,"33":1,"34":1,"35":1,"36":1,"37":1,"38":1,"39":1,"40":1,"41":1,"42":1,"43":1,"44":1,"45":1,"46":1,"47":1,"48":1},"f":{"0":1,"1":1},"b":{"0":[0,1],"1":[0,1]},"_coverageSchema":"1a1c01bbd47fc00a2c39e90264f33305004495a9","hash":"5ff0cc2ffcb5c83475b8db40fdfe2f04fd1abc32"}
,"D:\\Microverse\\To-do-List\\src\\js\\modules\\getSiblings.js": {"path":"D:\\Microverse\\To-do-List\\src\\js\\modules\\getSiblings.js","statementMap":{"0":{"start":{"line":2,"column":27},"end":{"line":17,"column":1}},"1":{"start":{"line":4,"column":19},"end":{"line":4,"column":21}},"2":{"start":{"line":7,"column":16},"end":{"line":7,"column":39}},"3":{"start":{"line":10,"column":2},"end":{"line":15,"column":3}},"4":{"start":{"line":11,"column":4},"end":{"line":13,"column":5}},"5":{"start":{"line":12,"column":6},"end":{"line":12,"column":29}},"6":{"start":{"line":14,"column":4},"end":{"line":14,"column":34}},"7":{"start":{"line":16,"column":2},"end":{"line":16,"column":18}}},"fnMap":{"0":{"name":"(anonymous_0)","decl":{"start":{"line":2,"column":27},"end":{"line":2,"column":28}},"loc":{"start":{"line":2,"column":34},"end":{"line":17,"column":1}},"line":2}},"branchMap":{"0":{"loc":{"start":{"line":11,"column":4},"end":{"line":13,"column":5}},"type":"if","locations":[{"start":{"line":11,"column":4},"end":{"line":13,"column":5}},{"start":{},"end":{}}],"line":11},"1":{"loc":{"start":{"line":11,"column":8},"end":{"line":11,"column":47}},"type":"binary-expr","locations":[{"start":{"line":11,"column":8},"end":{"line":11,"column":30}},{"start":{"line":11,"column":34},"end":{"line":11,"column":47}}],"line":11}},"s":{"0":1,"1":0,"2":0,"3":0,"4":0,"5":0,"6":0,"7":0},"f":{"0":0},"b":{"0":[0,0],"1":[0,0]},"_coverageSchema":"1a1c01bbd47fc00a2c39e90264f33305004495a9","hash":"83ed1df8fff3db51a5bf7dc706839b1c55eb5bd1"}
,"D:\\Microverse\\To-do-List\\src\\js\\modules\\task.js": {"path":"D:\\Microverse\\To-do-List\\src\\js\\modules\\task.js","statementMap":{"0":{"start":{"line":3,"column":4},"end":{"line":3,"column":35}},"1":{"start":{"line":4,"column":4},"end":{"line":4,"column":27}},"2":{"start":{"line":5,"column":4},"end":{"line":5,"column":22}}},"fnMap":{"0":{"name":"(anonymous_0)","decl":{"start":{"line":2,"column":2},"end":{"line":2,"column":3}},"loc":{"start":{"line":2,"column":27},"end":{"line":6,"column":3}},"line":2}},"branchMap":{},"s":{"0":1,"1":1,"2":1},"f":{"0":1},"b":{},"_coverageSchema":"1a1c01bbd47fc00a2c39e90264f33305004495a9","hash":"fe72cf9e444d01be1cdd8b94f8c9bc42688baae0"}
,"D:\\Microverse\\To-do-List\\src\\js\\modules\\taskList.js": {"path":"D:\\Microverse\\To-do-List\\src\\js\\modules\\taskList.js","statementMap":{"0":{"start":{"line":6,"column":4},"end":{"line":6,"column":20}},"1":{"start":{"line":11,"column":4},"end":{"line":13,"column":5}},"2":{"start":{"line":12,"column":6},"end":{"line":12,"column":58}},"3":{"start":{"line":14,"column":4},"end":{"line":14,"column":22}},"4":{"start":{"line":19,"column":4},"end":{"line":19,"column":33}},"5":{"start":{"line":23,"column":25},"end":{"line":23,"column":35}},"6":{"start":{"line":24,"column":4},"end":{"line":24,"column":41}},"7":{"start":{"line":25,"column":4},"end":{"line":25,"column":28}},"8":{"start":{"line":33,"column":4},"end":{"line":33,"column":30}},"9":{"start":{"line":38,"column":25},"end":{"line":38,"column":63}},"10":{"start":{"line":41,"column":4},"end":{"line":86,"column":7}},"11":{"start":{"line":42,"column":6},"end":{"line":85,"column":7}},"12":{"start":{"line":44,"column":29},"end":{"line":44,"column":44}},"13":{"start":{"line":47,"column":8},"end":{"line":84,"column":9}},"14":{"start":{"line":49,"column":10},"end":{"line":49,"column":38}},"15":{"start":{"line":52,"column":10},"end":{"line":52,"column":36}},"16":{"start":{"line":54,"column":10},"end":{"line":54,"column":73}},"17":{"start":{"line":57,"column":10},"end":{"line":57,"column":25}},"18":{"start":{"line":60,"column":28},"end":{"line":60,"column":54}},"19":{"start":{"line":63,"column":31},"end":{"line":63,"column":60}},"20":{"start":{"line":66,"column":28},"end":{"line":66,"column":58}},"21":{"start":{"line":69,"column":26},"end":{"line":69,"column":49}},"22":{"start":{"line":72,"column":10},"end":{"line":72,"column":53}},"23":{"start":{"line":73,"column":10},"end":{"line":73,"column":44}},"24":{"start":{"line":76,"column":10},"end":{"line":78,"column":13}},"25":{"start":{"line":77,"column":12},"end":{"line":77,"column":35}},"26":{"start":{"line":80,"column":10},"end":{"line":80,"column":73}},"27":{"start":{"line":83,"column":10},"end":{"line":83,"column":25}},"28":{"start":{"line":91,"column":25},"end":{"line":91,"column":63}},"29":{"start":{"line":94,"column":4},"end":{"line":166,"column":7}},"30":{"start":{"line":96,"column":6},"end":{"line":165,"column":7}},"31":{"start":{"line":97,"column":26},"end":{"line":97,"column":38}},"32":{"start":{"line":100,"column":26},"end":{"line":100,"column":52}},"33":{"start":{"line":103,"column":24},"end":{"line":103,"column":47}},"34":{"start":{"line":106,"column":8},"end":{"line":106,"column":39}},"35":{"start":{"line":109,"column":29},"end":{"line":109,"column":58}},"36":{"start":{"line":112,"column":24},"end":{"line":112,"column":50}},"37":{"start":{"line":115,"column":31},"end":{"line":115,"column":67}},"38":{"start":{"line":116,"column":8},"end":{"line":120,"column":11}},"39":{"start":{"line":117,"column":10},"end":{"line":119,"column":11}},"40":{"start":{"line":118,"column":12},"end":{"line":118,"column":46}},"41":{"start":{"line":123,"column":8},"end":{"line":139,"column":11}},"42":{"start":{"line":125,"column":31},"end":{"line":125,"column":46}},"43":{"start":{"line":128,"column":34},"end":{"line":128,"column":49}},"44":{"start":{"line":129,"column":10},"end":{"line":129,"column":25}},"45":{"start":{"line":132,"column":10},"end":{"line":132,"column":64}},"46":{"start":{"line":135,"column":10},"end":{"line":135,"column":73}},"47":{"start":{"line":138,"column":10},"end":{"line":138,"column":25}},"48":{"start":{"line":140,"column":13},"end":{"line":165,"column":7}},"49":{"start":{"line":142,"column":29},"end":{"line":142,"column":44}},"50":{"start":{"line":145,"column":8},"end":{"line":145,"column":49}},"51":{"start":{"line":148,"column":26},"end":{"line":148,"column":57}},"52":{"start":{"line":150,"column":21},"end":{"line":150,"column":41}},"53":{"start":{"line":153,"column":29},"end":{"line":153,"column":58}},"54":{"start":{"line":156,"column":26},"end":{"line":156,"column":56}},"55":{"start":{"line":158,"column":8},"end":{"line":158,"column":43}},"56":{"start":{"line":161,"column":8},"end":{"line":161,"column":79}},"57":{"start":{"line":164,"column":8},"end":{"line":164,"column":71}},"58":{"start":{"line":171,"column":24},"end":{"line":171,"column":67}},"59":{"start":{"line":173,"column":4},"end":{"line":190,"column":7}},"60":{"start":{"line":175,"column":27},"end":{"line":175,"column":42}},"61":{"start":{"line":178,"column":26},"end":{"line":178,"column":81}},"62":{"start":{"line":178,"column":56},"end":{"line":178,"column":80}},"63":{"start":{"line":181,"column":6},"end":{"line":183,"column":9}},"64":{"start":{"line":182,"column":8},"end":{"line":182,"column":31}},"65":{"start":{"line":186,"column":6},"end":{"line":186,"column":68}},"66":{"start":{"line":189,"column":6},"end":{"line":189,"column":21}}},"fnMap":{"0":{"name":"(anonymous_0)","decl":{"start":{"line":5,"column":2},"end":{"line":5,"column":3}},"loc":{"start":{"line":5,"column":16},"end":{"line":7,"column":3}},"line":5},"1":{"name":"(anonymous_1)","decl":{"start":{"line":9,"column":2},"end":{"line":9,"column":3}},"loc":{"start":{"line":9,"column":13},"end":{"line":15,"column":3}},"line":9},"2":{"name":"(anonymous_2)","decl":{"start":{"line":17,"column":2},"end":{"line":17,"column":3}},"loc":{"start":{"line":17,"column":12},"end":{"line":20,"column":3}},"line":17},"3":{"name":"(anonymous_3)","decl":{"start":{"line":22,"column":2},"end":{"line":22,"column":3}},"loc":{"start":{"line":22,"column":16},"end":{"line":34,"column":3}},"line":22},"4":{"name":"(anonymous_4)","decl":{"start":{"line":36,"column":2},"end":{"line":36,"column":3}},"loc":{"start":{"line":36,"column":15},"end":{"line":87,"column":3}},"line":36},"5":{"name":"(anonymous_5)","decl":{"start":{"line":41,"column":43},"end":{"line":41,"column":44}},"loc":{"start":{"line":41,"column":54},"end":{"line":86,"column":5}},"line":41},"6":{"name":"(anonymous_6)","decl":{"start":{"line":76,"column":31},"end":{"line":76,"column":32}},"loc":{"start":{"line":76,"column":48},"end":{"line":78,"column":11}},"line":76},"7":{"name":"(anonymous_7)","decl":{"start":{"line":89,"column":2},"end":{"line":89,"column":3}},"loc":{"start":{"line":89,"column":15},"end":{"line":167,"column":3}},"line":89},"8":{"name":"(anonymous_8)","decl":{"start":{"line":94,"column":43},"end":{"line":94,"column":44}},"loc":{"start":{"line":94,"column":54},"end":{"line":166,"column":5}},"line":94},"9":{"name":"(anonymous_9)","decl":{"start":{"line":116,"column":31},"end":{"line":116,"column":32}},"loc":{"start":{"line":116,"column":44},"end":{"line":120,"column":9}},"line":116},"10":{"name":"(anonymous_10)","decl":{"start":{"line":123,"column":45},"end":{"line":123,"column":46}},"loc":{"start":{"line":123,"column":51},"end":{"line":139,"column":9}},"line":123},"11":{"name":"(anonymous_11)","decl":{"start":{"line":169,"column":2},"end":{"line":169,"column":3}},"loc":{"start":{"line":169,"column":22},"end":{"line":191,"column":3}},"line":169},"12":{"name":"(anonymous_12)","decl":{"start":{"line":173,"column":42},"end":{"line":173,"column":43}},"loc":{"start":{"line":173,"column":48},"end":{"line":190,"column":5}},"line":173},"13":{"name":"(anonymous_13)","decl":{"start":{"line":178,"column":46},"end":{"line":178,"column":47}},"loc":{"start":{"line":178,"column":56},"end":{"line":178,"column":80}},"line":178},"14":{"name":"(anonymous_14)","decl":{"start":{"line":181,"column":26},"end":{"line":181,"column":27}},"loc":{"start":{"line":181,"column":43},"end":{"line":183,"column":7}},"line":181}},"branchMap":{"0":{"loc":{"start":{"line":11,"column":4},"end":{"line":13,"column":5}},"type":"if","locations":[{"start":{"line":11,"column":4},"end":{"line":13,"column":5}},{"start":{},"end":{}}],"line":11},"1":{"loc":{"start":{"line":42,"column":6},"end":{"line":85,"column":7}},"type":"if","locations":[{"start":{"line":42,"column":6},"end":{"line":85,"column":7}},{"start":{},"end":{}}],"line":42},"2":{"loc":{"start":{"line":47,"column":8},"end":{"line":84,"column":9}},"type":"if","locations":[{"start":{"line":47,"column":8},"end":{"line":84,"column":9}},{"start":{"line":58,"column":15},"end":{"line":84,"column":9}}],"line":47},"3":{"loc":{"start":{"line":96,"column":6},"end":{"line":165,"column":7}},"type":"if","locations":[{"start":{"line":96,"column":6},"end":{"line":165,"column":7}},{"start":{"line":140,"column":13},"end":{"line":165,"column":7}}],"line":96},"4":{"loc":{"start":{"line":117,"column":10},"end":{"line":119,"column":11}},"type":"if","locations":[{"start":{"line":117,"column":10},"end":{"line":119,"column":11}},{"start":{},"end":{}}],"line":117},"5":{"loc":{"start":{"line":140,"column":13},"end":{"line":165,"column":7}},"type":"if","locations":[{"start":{"line":140,"column":13},"end":{"line":165,"column":7}},{"start":{},"end":{}}],"line":140}},"s":{"0":1,"1":0,"2":0,"3":0,"4":0,"5":1,"6":1,"7":1,"8":1,"9":0,"10":0,"11":0,"12":0,"13":0,"14":0,"15":0,"16":0,"17":0,"18":0,"19":0,"20":0,"21":0,"22":0,"23":0,"24":0,"25":0,"26":0,"27":0,"28":0,"29":0,"30":0,"31":0,"32":0,"33":0,"34":0,"35":0,"36":0,"37":0,"38":0,"39":0,"40":0,"41":0,"42":0,"43":0,"44":0,"45":0,"46":0,"47":0,"48":0,"49":0,"50":0,"51":0,"52":0,"53":0,"54":0,"55":0,"56":0,"57":0,"58":0,"59":0,"60":0,"61":0,"62":0,"63":0,"64":0,"65":0,"66":0},"f":{"0":1,"1":0,"2":0,"3":1,"4":0,"5":0,"6":0,"7":0,"8":0,"9":0,"10":0,"11":0,"12":0,"13":0,"14":0},"b":{"0":[0,0],"1":[0,0],"2":[0,0],"3":[0,0],"4":[0,0],"5":[0,0]},"_coverageSchema":"1a1c01bbd47fc00a2c39e90264f33305004495a9","hash":"eebcdde35ec1be142f9ede77f8e0ae1386fa926b"}
}
