TN:
SF:src\js\modules\displayTaskList.js
FN:6,(anonymous_0)
FN:19,(anonymous_1)
FNF:2
FNH:2
FNDA:1,(anonymous_0)
FNDA:1,(anonymous_1)
DA:6,1
DA:8,1
DA:9,1
DA:12,1
DA:13,0
DA:14,0
DA:15,0
DA:16,0
DA:19,1
DA:21,1
DA:22,1
DA:23,1
DA:26,1
DA:27,1
DA:30,1
DA:31,1
DA:32,1
DA:33,1
DA:36,1
DA:37,1
DA:38,1
DA:41,1
DA:42,1
DA:43,1
DA:44,1
DA:45,1
DA:46,1
DA:47,1
DA:50,1
DA:51,0
DA:52,0
DA:56,1
DA:57,1
DA:60,1
DA:61,1
DA:62,1
DA:63,1
DA:66,1
DA:67,1
DA:68,1
DA:69,1
DA:72,1
DA:73,1
DA:74,1
DA:75,1
DA:76,1
DA:77,1
DA:78,1
DA:79,1
LF:49
LH:43
BRDA:12,0,0,0
BRDA:12,0,1,1
BRDA:50,1,0,0
BRDA:50,1,1,1
BRF:4
BRH:2
end_of_record
TN:
SF:src\js\modules\getSiblings.js
FN:2,(anonymous_0)
FNF:1
FNH:0
FNDA:0,(anonymous_0)
DA:2,1
DA:4,0
DA:7,0
DA:10,0
DA:11,0
DA:12,0
DA:14,0
DA:16,0
LF:8
LH:1
BRDA:11,0,0,0
BRDA:11,0,1,0
BRDA:11,1,0,0
BRDA:11,1,1,0
BRF:4
BRH:0
end_of_record
TN:
SF:src\js\modules\task.js
FN:2,(anonymous_0)
FNF:1
FNH:1
FNDA:1,(anonymous_0)
DA:3,1
DA:4,1
DA:5,1
LF:3
LH:3
BRF:0
BRH:0
end_of_record
TN:
SF:src\js\modules\taskList.js
FN:5,(anonymous_0)
FN:9,(anonymous_1)
FN:17,(anonymous_2)
FN:22,(anonymous_3)
FN:36,(anonymous_4)
FN:41,(anonymous_5)
FN:76,(anonymous_6)
FN:89,(anonymous_7)
FN:94,(anonymous_8)
FN:116,(anonymous_9)
FN:123,(anonymous_10)
FN:169,(anonymous_11)
FN:173,(anonymous_12)
FN:178,(anonymous_13)
FN:181,(anonymous_14)
FNF:15
FNH:2
FNDA:1,(anonymous_0)
FNDA:0,(anonymous_1)
FNDA:0,(anonymous_2)
FNDA:1,(anonymous_3)
FNDA:0,(anonymous_4)
FNDA:0,(anonymous_5)
FNDA:0,(anonymous_6)
FNDA:0,(anonymous_7)
FNDA:0,(anonymous_8)
FNDA:0,(anonymous_9)
FNDA:0,(anonymous_10)
FNDA:0,(anonymous_11)
FNDA:0,(anonymous_12)
FNDA:0,(anonymous_13)
FNDA:0,(anonymous_14)
DA:6,1
DA:11,0
DA:12,0
DA:14,0
DA:19,0
DA:23,1
DA:24,1
DA:25,1
DA:33,1
DA:38,0
DA:41,0
DA:42,0
DA:44,0
DA:47,0
DA:49,0
DA:52,0
DA:54,0
DA:57,0
DA:60,0
DA:63,0
DA:66,0
DA:69,0
DA:72,0
DA:73,0
DA:76,0
DA:77,0
DA:80,0
DA:83,0
DA:91,0
DA:94,0
DA:96,0
DA:97,0
DA:100,0
DA:103,0
DA:106,0
DA:109,0
DA:112,0
DA:115,0
DA:116,0
DA:117,0
DA:118,0
DA:123,0
DA:125,0
DA:128,0
DA:129,0
DA:132,0
DA:135,0
DA:138,0
DA:140,0
DA:142,0
DA:145,0
DA:148,0
DA:150,0
DA:153,0
DA:156,0
DA:158,0
DA:161,0
DA:164,0
DA:171,0
DA:173,0
DA:175,0
DA:178,0
DA:181,0
DA:182,0
DA:186,0
DA:189,0
LF:66
LH:5
BRDA:11,0,0,0
BRDA:11,0,1,0
BRDA:42,1,0,0
BRDA:42,1,1,0
BRDA:47,2,0,0
BRDA:47,2,1,0
BRDA:96,3,0,0
BRDA:96,3,1,0
BRDA:117,4,0,0
BRDA:117,4,1,0
BRDA:140,5,0,0
BRDA:140,5,1,0
BRF:12
BRH:0
end_of_record
